[2018-03-05 00:58:21] DEBUG 134 statementLog - {conn-10001, pstmt-20000} created. select
     
    'true' as QUERYID,
     
    id, goods_name, goods_type, price
   
    from goods
     
       
     WHERE (  goods_type = ? )
[2018-03-05 00:58:21] DEBUG 134 statementLog - {conn-10001, pstmt-20000} Parameters : [矿泉水]
[2018-03-05 00:58:21] DEBUG 134 statementLog - {conn-10001, pstmt-20000} Types : [VARCHAR]
[2018-03-05 00:58:21] DEBUG 134 statementLog - {conn-10001, pstmt-20000} executed. 20.138762 millis. select
     
    'true' as QUERYID,
     
    id, goods_name, goods_type, price
   
    from goods
     
       
     WHERE (  goods_type = ? )
[2018-03-05 00:58:43] DEBUG 134 statementLog - {conn-10001, pstmt-20001} created. select
     
    'true' as QUERYID,
     
    member_id, member_type, member_name, gender, age, profile_dir, doctor_id, consultant_id, 
    period_phase, `status`, register_time, update_time, birth_time, occupation, height, 
    weight, user_id, from_where, period_phase_date, is_postpone, is_problem, postpone_days
   
    from member
     
       
     WHERE (  member_id = ? )
[2018-03-05 00:58:43] DEBUG 134 statementLog - {conn-10001, pstmt-20001} Parameters : [120]
[2018-03-05 00:58:43] DEBUG 134 statementLog - {conn-10001, pstmt-20001} Types : [BIGINT]
[2018-03-05 00:58:43] DEBUG 134 statementLog - {conn-10001, pstmt-20001} executed. 18.047065 millis. select
     
    'true' as QUERYID,
     
    member_id, member_type, member_name, gender, age, profile_dir, doctor_id, consultant_id, 
    period_phase, `status`, register_time, update_time, birth_time, occupation, height, 
    weight, user_id, from_where, period_phase_date, is_postpone, is_problem, postpone_days
   
    from member
     
       
     WHERE (  member_id = ? )
