[2018-03-05 00:52:39] INFO  org.springframework.test.context.support.AbstractTestContextBootstrapper 307 buildDefaultMergedContextConfiguration - Neither @ContextConfiguration nor @ContextHierarchy found for test class [com.example.demo.DemoApplicationTests], using SpringBootContextLoader
[2018-03-05 00:52:39] INFO  org.springframework.test.context.support.AbstractContextLoader 264 generateDefaultLocations - Could not detect default resource locations for test class [com.example.demo.DemoApplicationTests]: no resource found for suffixes {-context.xml, Context.groovy}.
[2018-03-05 00:52:39] INFO  org.springframework.test.context.support.AnnotationConfigContextLoaderUtils 81 detectDefaultConfigurationClasses - Could not detect default configuration classes for test class [com.example.demo.DemoApplicationTests]: DemoApplicationTests does not declare any static, non-private, non-final, nested classes annotated with @Configuration.
[2018-03-05 00:52:39] INFO  org.springframework.boot.test.context.SpringBootTestContextBootstrapper 206 getOrFindConfigurationClasses - Found @SpringBootConfiguration com.example.demo.DemoApplication for test class com.example.demo.DemoApplicationTests
[2018-03-05 00:52:39] INFO  org.springframework.test.context.support.AbstractTestContextBootstrapper 248 getDefaultTestExecutionListenerClassNames - Loaded default TestExecutionListener class names from location [META-INF/spring.factories]: [org.springframework.boot.test.mock.mockito.MockitoTestExecutionListener, org.springframework.boot.test.mock.mockito.ResetMocksTestExecutionListener, org.springframework.boot.test.autoconfigure.restdocs.RestDocsTestExecutionListener, org.springframework.boot.test.autoconfigure.web.client.MockRestServiceServerResetTestExecutionListener, org.springframework.boot.test.autoconfigure.web.servlet.MockMvcPrintOnlyOnFailureTestExecutionListener, org.springframework.boot.test.autoconfigure.web.servlet.WebDriverTestExecutionListener, org.springframework.test.context.web.ServletTestExecutionListener, org.springframework.test.context.support.DirtiesContextBeforeModesTestExecutionListener, org.springframework.test.context.support.DependencyInjectionTestExecutionListener, org.springframework.test.context.support.DirtiesContextTestExecutionListener, org.springframework.test.context.transaction.TransactionalTestExecutionListener, org.springframework.test.context.jdbc.SqlScriptsTestExecutionListener]
[2018-03-05 00:52:39] INFO  org.springframework.test.context.support.AbstractTestContextBootstrapper 174 getTestExecutionListeners - Using TestExecutionListeners: [org.springframework.test.context.web.ServletTestExecutionListener@a2431d0, org.springframework.test.context.support.DirtiesContextBeforeModesTestExecutionListener@1cbb87f3, org.springframework.boot.test.autoconfigure.SpringBootDependencyInjectionTestExecutionListener@1a4013, org.springframework.test.context.support.DirtiesContextTestExecutionListener@1b6e1eff, org.springframework.test.context.transaction.TransactionalTestExecutionListener@306f16f3, org.springframework.test.context.jdbc.SqlScriptsTestExecutionListener@702b8b12, org.springframework.boot.test.mock.mockito.MockitoTestExecutionListener@22e357dc, org.springframework.boot.test.mock.mockito.ResetMocksTestExecutionListener@49912c99, org.springframework.boot.test.autoconfigure.restdocs.RestDocsTestExecutionListener@10163d6, org.springframework.boot.test.autoconfigure.web.client.MockRestServiceServerResetTestExecutionListener@2dde1bff, org.springframework.boot.test.autoconfigure.web.servlet.MockMvcPrintOnlyOnFailureTestExecutionListener@15bbf42f, org.springframework.boot.test.autoconfigure.web.servlet.WebDriverTestExecutionListener@550ee7e5]
[2018-03-05 00:52:39] INFO  org.springframework.test.context.support.AbstractTestContextBootstrapper 307 buildDefaultMergedContextConfiguration - Neither @ContextConfiguration nor @ContextHierarchy found for test class [com.example.demo.DemoApplicationTests], using SpringBootContextLoader
[2018-03-05 00:52:39] INFO  org.springframework.test.context.support.AbstractContextLoader 264 generateDefaultLocations - Could not detect default resource locations for test class [com.example.demo.DemoApplicationTests]: no resource found for suffixes {-context.xml, Context.groovy}.
[2018-03-05 00:52:39] INFO  org.springframework.test.context.support.AnnotationConfigContextLoaderUtils 81 detectDefaultConfigurationClasses - Could not detect default configuration classes for test class [com.example.demo.DemoApplicationTests]: DemoApplicationTests does not declare any static, non-private, non-final, nested classes annotated with @Configuration.
[2018-03-05 00:52:39] INFO  org.springframework.boot.test.context.SpringBootTestContextBootstrapper 206 getOrFindConfigurationClasses - Found @SpringBootConfiguration com.example.demo.DemoApplication for test class com.example.demo.DemoApplicationTests
[2018-03-05 00:52:39] INFO  org.springframework.test.context.support.AbstractTestContextBootstrapper 248 getDefaultTestExecutionListenerClassNames - Loaded default TestExecutionListener class names from location [META-INF/spring.factories]: [org.springframework.boot.test.mock.mockito.MockitoTestExecutionListener, org.springframework.boot.test.mock.mockito.ResetMocksTestExecutionListener, org.springframework.boot.test.autoconfigure.restdocs.RestDocsTestExecutionListener, org.springframework.boot.test.autoconfigure.web.client.MockRestServiceServerResetTestExecutionListener, org.springframework.boot.test.autoconfigure.web.servlet.MockMvcPrintOnlyOnFailureTestExecutionListener, org.springframework.boot.test.autoconfigure.web.servlet.WebDriverTestExecutionListener, org.springframework.test.context.web.ServletTestExecutionListener, org.springframework.test.context.support.DirtiesContextBeforeModesTestExecutionListener, org.springframework.test.context.support.DependencyInjectionTestExecutionListener, org.springframework.test.context.support.DirtiesContextTestExecutionListener, org.springframework.test.context.transaction.TransactionalTestExecutionListener, org.springframework.test.context.jdbc.SqlScriptsTestExecutionListener]
[2018-03-05 00:52:39] INFO  org.springframework.test.context.support.AbstractTestContextBootstrapper 174 getTestExecutionListeners - Using TestExecutionListeners: [org.springframework.test.context.web.ServletTestExecutionListener@7205765b, org.springframework.test.context.support.DirtiesContextBeforeModesTestExecutionListener@47987356, org.springframework.boot.test.autoconfigure.SpringBootDependencyInjectionTestExecutionListener@22ef9844, org.springframework.test.context.support.DirtiesContextTestExecutionListener@6283d8b8, org.springframework.test.context.transaction.TransactionalTestExecutionListener@3b6ddd1d, org.springframework.test.context.jdbc.SqlScriptsTestExecutionListener@3f6b0be5, org.springframework.boot.test.mock.mockito.MockitoTestExecutionListener@611889f4, org.springframework.boot.test.mock.mockito.ResetMocksTestExecutionListener@1da2cb77, org.springframework.boot.test.autoconfigure.restdocs.RestDocsTestExecutionListener@48f278eb, org.springframework.boot.test.autoconfigure.web.client.MockRestServiceServerResetTestExecutionListener@2f217633, org.springframework.boot.test.autoconfigure.web.servlet.MockMvcPrintOnlyOnFailureTestExecutionListener@a530d0a, org.springframework.boot.test.autoconfigure.web.servlet.WebDriverTestExecutionListener@1a18644]
[2018-03-05 00:52:40] INFO  org.springframework.boot.StartupInfoLogger 48 logStarting - Starting DemoApplicationTests on linyimin-ThinkPad-E570 with PID 2107 (started by linyimin in /home/linyimin/practice/Spring-boot-demo)
[2018-03-05 00:52:40] INFO  org.springframework.boot.SpringApplication 593 logStartupProfileInfo - No active profile set, falling back to default profiles: default
[2018-03-05 00:52:40] INFO  org.springframework.context.support.AbstractApplicationContext 583 prepareRefresh - Refreshing org.springframework.web.context.support.GenericWebApplicationContext@4b34fff9: startup date [Mon Mar 05 00:52:40 CST 2018]; root of context hierarchy
[2018-03-05 00:52:42] INFO  org.springframework.context.support.PostProcessorRegistrationDelegate$BeanPostProcessorChecker 327 postProcessAfterInitialization - Bean 'org.springframework.transaction.annotation.ProxyTransactionManagementConfiguration' of type [org.springframework.transaction.annotation.ProxyTransactionManagementConfiguration$$EnhancerBySpringCGLIB$$cae82fe1] is not eligible for getting processed by all BeanPostProcessors (for example: not eligible for auto-proxying)
[2018-03-05 00:52:43] INFO  org.springframework.boot.autoconfigure.logging.AutoConfigurationReportLoggingInitializer 101 logAutoConfigurationReport - 

Error starting ApplicationContext. To display the auto-configuration report re-run your application with 'debug' enabled.
[2018-03-05 00:53:21] INFO  org.springframework.test.context.support.AbstractTestContextBootstrapper 307 buildDefaultMergedContextConfiguration - Neither @ContextConfiguration nor @ContextHierarchy found for test class [com.example.demo.DemoApplicationTests], using SpringBootContextLoader
[2018-03-05 00:53:21] INFO  org.springframework.test.context.support.AbstractContextLoader 264 generateDefaultLocations - Could not detect default resource locations for test class [com.example.demo.DemoApplicationTests]: no resource found for suffixes {-context.xml, Context.groovy}.
[2018-03-05 00:53:21] INFO  org.springframework.test.context.support.AnnotationConfigContextLoaderUtils 81 detectDefaultConfigurationClasses - Could not detect default configuration classes for test class [com.example.demo.DemoApplicationTests]: DemoApplicationTests does not declare any static, non-private, non-final, nested classes annotated with @Configuration.
[2018-03-05 00:53:21] INFO  org.springframework.boot.test.context.SpringBootTestContextBootstrapper 206 getOrFindConfigurationClasses - Found @SpringBootConfiguration com.example.demo.DemoApplication for test class com.example.demo.DemoApplicationTests
[2018-03-05 00:53:21] INFO  org.springframework.test.context.support.AbstractTestContextBootstrapper 248 getDefaultTestExecutionListenerClassNames - Loaded default TestExecutionListener class names from location [META-INF/spring.factories]: [org.springframework.boot.test.mock.mockito.MockitoTestExecutionListener, org.springframework.boot.test.mock.mockito.ResetMocksTestExecutionListener, org.springframework.boot.test.autoconfigure.restdocs.RestDocsTestExecutionListener, org.springframework.boot.test.autoconfigure.web.client.MockRestServiceServerResetTestExecutionListener, org.springframework.boot.test.autoconfigure.web.servlet.MockMvcPrintOnlyOnFailureTestExecutionListener, org.springframework.boot.test.autoconfigure.web.servlet.WebDriverTestExecutionListener, org.springframework.test.context.web.ServletTestExecutionListener, org.springframework.test.context.support.DirtiesContextBeforeModesTestExecutionListener, org.springframework.test.context.support.DependencyInjectionTestExecutionListener, org.springframework.test.context.support.DirtiesContextTestExecutionListener, org.springframework.test.context.transaction.TransactionalTestExecutionListener, org.springframework.test.context.jdbc.SqlScriptsTestExecutionListener]
[2018-03-05 00:53:21] INFO  org.springframework.test.context.support.AbstractTestContextBootstrapper 174 getTestExecutionListeners - Using TestExecutionListeners: [org.springframework.test.context.web.ServletTestExecutionListener@41e1e210, org.springframework.test.context.support.DirtiesContextBeforeModesTestExecutionListener@be35cd9, org.springframework.boot.test.autoconfigure.SpringBootDependencyInjectionTestExecutionListener@4944252c, org.springframework.test.context.support.DirtiesContextTestExecutionListener@44821a96, org.springframework.test.context.transaction.TransactionalTestExecutionListener@a3d8174, org.springframework.test.context.jdbc.SqlScriptsTestExecutionListener@1ba9117e, org.springframework.boot.test.mock.mockito.MockitoTestExecutionListener@732c2a62, org.springframework.boot.test.mock.mockito.ResetMocksTestExecutionListener@272ed83b, org.springframework.boot.test.autoconfigure.restdocs.RestDocsTestExecutionListener@41fecb8b, org.springframework.boot.test.autoconfigure.web.client.MockRestServiceServerResetTestExecutionListener@120f102b, org.springframework.boot.test.autoconfigure.web.servlet.MockMvcPrintOnlyOnFailureTestExecutionListener@625732, org.springframework.boot.test.autoconfigure.web.servlet.WebDriverTestExecutionListener@51dcb805]
[2018-03-05 00:53:21] INFO  org.springframework.test.context.support.AbstractTestContextBootstrapper 307 buildDefaultMergedContextConfiguration - Neither @ContextConfiguration nor @ContextHierarchy found for test class [com.example.demo.DemoApplicationTests], using SpringBootContextLoader
[2018-03-05 00:53:21] INFO  org.springframework.test.context.support.AbstractContextLoader 264 generateDefaultLocations - Could not detect default resource locations for test class [com.example.demo.DemoApplicationTests]: no resource found for suffixes {-context.xml, Context.groovy}.
[2018-03-05 00:53:21] INFO  org.springframework.test.context.support.AnnotationConfigContextLoaderUtils 81 detectDefaultConfigurationClasses - Could not detect default configuration classes for test class [com.example.demo.DemoApplicationTests]: DemoApplicationTests does not declare any static, non-private, non-final, nested classes annotated with @Configuration.
[2018-03-05 00:53:21] INFO  org.springframework.boot.test.context.SpringBootTestContextBootstrapper 206 getOrFindConfigurationClasses - Found @SpringBootConfiguration com.example.demo.DemoApplication for test class com.example.demo.DemoApplicationTests
[2018-03-05 00:53:21] INFO  org.springframework.test.context.support.AbstractTestContextBootstrapper 248 getDefaultTestExecutionListenerClassNames - Loaded default TestExecutionListener class names from location [META-INF/spring.factories]: [org.springframework.boot.test.mock.mockito.MockitoTestExecutionListener, org.springframework.boot.test.mock.mockito.ResetMocksTestExecutionListener, org.springframework.boot.test.autoconfigure.restdocs.RestDocsTestExecutionListener, org.springframework.boot.test.autoconfigure.web.client.MockRestServiceServerResetTestExecutionListener, org.springframework.boot.test.autoconfigure.web.servlet.MockMvcPrintOnlyOnFailureTestExecutionListener, org.springframework.boot.test.autoconfigure.web.servlet.WebDriverTestExecutionListener, org.springframework.test.context.web.ServletTestExecutionListener, org.springframework.test.context.support.DirtiesContextBeforeModesTestExecutionListener, org.springframework.test.context.support.DependencyInjectionTestExecutionListener, org.springframework.test.context.support.DirtiesContextTestExecutionListener, org.springframework.test.context.transaction.TransactionalTestExecutionListener, org.springframework.test.context.jdbc.SqlScriptsTestExecutionListener]
[2018-03-05 00:53:21] INFO  org.springframework.test.context.support.AbstractTestContextBootstrapper 174 getTestExecutionListeners - Using TestExecutionListeners: [org.springframework.test.context.web.ServletTestExecutionListener@25084a1e, org.springframework.test.context.support.DirtiesContextBeforeModesTestExecutionListener@156b88f5, org.springframework.boot.test.autoconfigure.SpringBootDependencyInjectionTestExecutionListener@3bf9ce3e, org.springframework.test.context.support.DirtiesContextTestExecutionListener@16610890, org.springframework.test.context.transaction.TransactionalTestExecutionListener@71def8f8, org.springframework.test.context.jdbc.SqlScriptsTestExecutionListener@383bfa16, org.springframework.boot.test.mock.mockito.MockitoTestExecutionListener@4d465b11, org.springframework.boot.test.mock.mockito.ResetMocksTestExecutionListener@53fdffa1, org.springframework.boot.test.autoconfigure.restdocs.RestDocsTestExecutionListener@5562c41e, org.springframework.boot.test.autoconfigure.web.client.MockRestServiceServerResetTestExecutionListener@32ee6fee, org.springframework.boot.test.autoconfigure.web.servlet.MockMvcPrintOnlyOnFailureTestExecutionListener@4d0f2471, org.springframework.boot.test.autoconfigure.web.servlet.WebDriverTestExecutionListener@7133da86]
[2018-03-05 00:53:22] INFO  org.springframework.boot.StartupInfoLogger 48 logStarting - Starting DemoApplicationTests on linyimin-ThinkPad-E570 with PID 2451 (started by linyimin in /home/linyimin/practice/Spring-boot-demo)
[2018-03-05 00:53:22] INFO  org.springframework.boot.SpringApplication 593 logStartupProfileInfo - No active profile set, falling back to default profiles: default
[2018-03-05 00:53:22] INFO  org.springframework.context.support.AbstractApplicationContext 583 prepareRefresh - Refreshing org.springframework.web.context.support.GenericWebApplicationContext@42a15bdc: startup date [Mon Mar 05 00:53:22 CST 2018]; root of context hierarchy
[2018-03-05 00:53:23] INFO  org.springframework.context.support.PostProcessorRegistrationDelegate$BeanPostProcessorChecker 327 postProcessAfterInitialization - Bean 'org.springframework.transaction.annotation.ProxyTransactionManagementConfiguration' of type [org.springframework.transaction.annotation.ProxyTransactionManagementConfiguration$$EnhancerBySpringCGLIB$$f90ba1a] is not eligible for getting processed by all BeanPostProcessors (for example: not eligible for auto-proxying)
[2018-03-05 00:53:25] INFO  org.springframework.web.servlet.handler.AbstractHandlerMethodMapping$MappingRegistry 543 register - Mapped "{[/goods/{type}],methods=[GET]}" onto public java.util.List<com.example.demo.model.Goods> com.example.demo.controller.GoodsController.getGoodsBuType(java.lang.String)
[2018-03-05 00:53:25] INFO  org.springframework.web.servlet.handler.AbstractHandlerMethodMapping$MappingRegistry 543 register - Mapped "{[/user/{userID}],methods=[GET]}" onto public java.util.List<com.example.demo.model.Member> com.example.demo.controller.UserController.getUserInfoByID(java.lang.Long)
[2018-03-05 00:53:25] INFO  org.springframework.web.servlet.handler.AbstractHandlerMethodMapping$MappingRegistry 543 register - Mapped "{[/v2/api-docs],methods=[GET]}" onto public org.springframework.http.ResponseEntity<springfox.documentation.spring.web.json.Json> springfox.documentation.swagger2.web.Swagger2Controller.getDocumentation(java.lang.String)
[2018-03-05 00:53:25] INFO  org.springframework.web.servlet.handler.AbstractHandlerMethodMapping$MappingRegistry 543 register - Mapped "{[/configuration/security]}" onto org.springframework.http.ResponseEntity<springfox.documentation.swagger.web.SecurityConfiguration> springfox.documentation.swagger.web.ApiResourceController.securityConfiguration()
[2018-03-05 00:53:25] INFO  org.springframework.web.servlet.handler.AbstractHandlerMethodMapping$MappingRegistry 543 register - Mapped "{[/configuration/ui]}" onto org.springframework.http.ResponseEntity<springfox.documentation.swagger.web.UiConfiguration> springfox.documentation.swagger.web.ApiResourceController.uiConfiguration()
[2018-03-05 00:53:25] INFO  org.springframework.web.servlet.handler.AbstractHandlerMethodMapping$MappingRegistry 543 register - Mapped "{[/swagger-resources]}" onto org.springframework.http.ResponseEntity<java.util.List<springfox.documentation.swagger.web.SwaggerResource>> springfox.documentation.swagger.web.ApiResourceController.swaggerResources()
[2018-03-05 00:53:25] INFO  org.springframework.web.servlet.handler.AbstractHandlerMethodMapping$MappingRegistry 543 register - Mapped "{[/error],produces=[text/html]}" onto public org.springframework.web.servlet.ModelAndView org.springframework.boot.autoconfigure.web.BasicErrorController.errorHtml(javax.servlet.http.HttpServletRequest,javax.servlet.http.HttpServletResponse)
[2018-03-05 00:53:25] INFO  org.springframework.web.servlet.handler.AbstractHandlerMethodMapping$MappingRegistry 543 register - Mapped "{[/error]}" onto public org.springframework.http.ResponseEntity<java.util.Map<java.lang.String, java.lang.Object>> org.springframework.boot.autoconfigure.web.BasicErrorController.error(javax.servlet.http.HttpServletRequest)
[2018-03-05 00:53:26] INFO  org.springframework.web.servlet.mvc.method.annotation.RequestMappingHandlerAdapter 534 initControllerAdviceCache - Looking for @ControllerAdvice: org.springframework.web.context.support.GenericWebApplicationContext@42a15bdc: startup date [Mon Mar 05 00:53:22 CST 2018]; root of context hierarchy
[2018-03-05 00:53:26] INFO  org.springframework.web.servlet.handler.AbstractUrlHandlerMapping 362 registerHandler - Mapped URL path [/webjars/**] onto handler of type [class org.springframework.web.servlet.resource.ResourceHttpRequestHandler]
[2018-03-05 00:53:26] INFO  org.springframework.web.servlet.handler.AbstractUrlHandlerMapping 362 registerHandler - Mapped URL path [/**] onto handler of type [class org.springframework.web.servlet.resource.ResourceHttpRequestHandler]
[2018-03-05 00:53:26] INFO  org.springframework.web.servlet.handler.AbstractUrlHandlerMapping 362 registerHandler - Mapped URL path [/**/favicon.ico] onto handler of type [class org.springframework.web.servlet.resource.ResourceHttpRequestHandler]
[2018-03-05 00:53:27] INFO  springfox.documentation.spring.web.plugins.DocumentationPluginsBootstrapper 80 onApplicationEvent - Context refreshed
[2018-03-05 00:53:27] INFO  springfox.documentation.spring.web.plugins.DocumentationPluginsBootstrapper 83 onApplicationEvent - Found {0} custom documentation plugin(s)
[2018-03-05 00:53:27] INFO  springfox.documentation.spring.web.scanners.ApiListingReferenceScanner 53 scan - Scanning for api listing references
[2018-03-05 00:53:27] INFO  springfox.documentation.swagger.web.ClassOrApiAnnotationResourceGrouping$1 100 apply - Group for method getGoodsBuType was goods-controller
[2018-03-05 00:53:27] INFO  springfox.documentation.spring.web.scanners.ApiListingReferenceScanner 72 scan - Request mapping: getGoodsBuType belongs to groups: [[ResourceGroup{groupName='goods-controller', position=0, controller=com.example.demo.controller.GoodsController}]] 
[2018-03-05 00:53:27] INFO  springfox.documentation.swagger.web.ClassOrApiAnnotationResourceGrouping$1 100 apply - Group for method getUserInfoByID was user-controller
[2018-03-05 00:53:27] INFO  springfox.documentation.spring.web.scanners.ApiListingReferenceScanner 72 scan - Request mapping: getUserInfoByID belongs to groups: [[ResourceGroup{groupName='user-controller', position=0, controller=com.example.demo.controller.UserController}]] 
[2018-03-05 00:53:27] INFO  springfox.documentation.spring.web.scanners.ApiListingReferenceScanner 84 scan - Created resource listing Path: /default/user-controller Description: user-controller Position: 0
[2018-03-05 00:53:27] INFO  springfox.documentation.spring.web.scanners.ApiListingReferenceScanner 84 scan - Created resource listing Path: /default/goods-controller Description: goods-controller Position: 0
[2018-03-05 00:53:27] INFO  springfox.documentation.schema.ModelContextKeyGenerator 46 generate - Cache Key Generated: java.lang.Void(true)
[2018-03-05 00:53:27] INFO  springfox.documentation.spring.web.caching.CachingAspect 79 modelsAndDependencies - Caching aspect applied for cache models with key java.lang.Void(true)
[2018-03-05 00:53:27] INFO  springfox.documentation.schema.ModelContextKeyGenerator 46 generate - Cache Key Generated: java.lang.Void(true)
[2018-03-05 00:53:27] INFO  springfox.documentation.spring.web.caching.CachingAspect 79 modelsAndDependencies - Caching aspect applied for cache modelDependencies with key java.lang.Void(true)
[2018-03-05 00:53:27] INFO  springfox.documentation.schema.ModelContextKeyGenerator 46 generate - Cache Key Generated: java.util.List<com.example.demo.model.Goods>(true)
[2018-03-05 00:53:27] INFO  springfox.documentation.spring.web.caching.CachingAspect 79 modelsAndDependencies - Caching aspect applied for cache models with key java.util.List<com.example.demo.model.Goods>(true)
[2018-03-05 00:53:27] INFO  springfox.documentation.schema.ModelContextKeyGenerator 46 generate - Cache Key Generated: java.util.List<com.example.demo.model.Goods>(true)
[2018-03-05 00:53:27] INFO  springfox.documentation.spring.web.caching.CachingAspect 79 modelsAndDependencies - Caching aspect applied for cache modelDependencies with key java.util.List<com.example.demo.model.Goods>(true)
[2018-03-05 00:53:27] INFO  springfox.documentation.schema.property.ModelPropertiesKeyGenerator 48 generate - Cache key generated: com.example.demo.model.Goods(true)
[2018-03-05 00:53:27] INFO  springfox.documentation.spring.web.caching.CachingAspect 68 operationsAndProperties - Caching aspect applied for cache modelProperties with key com.example.demo.model.Goods(true)
[2018-03-05 00:53:27] INFO  springfox.documentation.schema.property.ModelPropertiesKeyGenerator 48 generate - Cache key generated: java.util.List<com.example.demo.model.Goods>(true)
[2018-03-05 00:53:27] INFO  springfox.documentation.spring.web.caching.CachingAspect 68 operationsAndProperties - Caching aspect applied for cache modelProperties with key java.util.List<com.example.demo.model.Goods>(true)
[2018-03-05 00:53:27] INFO  springfox.documentation.schema.property.ModelPropertiesKeyGenerator 48 generate - Cache key generated: com.example.demo.model.Goods(true)
[2018-03-05 00:53:27] INFO  springfox.documentation.spring.web.caching.CachingAspect 68 operationsAndProperties - Caching aspect applied for cache modelProperties with key com.example.demo.model.Goods(true)
[2018-03-05 00:53:27] INFO  springfox.documentation.spring.web.OperationsKeyGenerator 51 generate - Cache key generated: /goods/{type}.com.example.demo.controller.GoodsController.getGoodsBuType.DefaultGenericTypeNamingStrategy
[2018-03-05 00:53:27] INFO  springfox.documentation.spring.web.caching.CachingAspect 68 operationsAndProperties - Caching aspect applied for cache operations with key /goods/{type}.com.example.demo.controller.GoodsController.getGoodsBuType.DefaultGenericTypeNamingStrategy
[2018-03-05 00:53:27] INFO  springfox.documentation.swagger.web.ClassOrApiAnnotationResourceGrouping$1 100 apply - Group for method getGoodsBuType was goods-controller
[2018-03-05 00:53:27] INFO  springfox.documentation.swagger.web.ClassOrApiAnnotationResourceGrouping$1 100 apply - Group for method getGoodsBuType was goods-controller
[2018-03-05 00:53:27] INFO  springfox.documentation.schema.ModelContextKeyGenerator 46 generate - Cache Key Generated: java.util.List<com.example.demo.model.Member>(true)
[2018-03-05 00:53:27] INFO  springfox.documentation.spring.web.caching.CachingAspect 79 modelsAndDependencies - Caching aspect applied for cache models with key java.util.List<com.example.demo.model.Member>(true)
[2018-03-05 00:53:27] INFO  springfox.documentation.schema.ModelContextKeyGenerator 46 generate - Cache Key Generated: java.util.List<com.example.demo.model.Member>(true)
[2018-03-05 00:53:27] INFO  springfox.documentation.spring.web.caching.CachingAspect 79 modelsAndDependencies - Caching aspect applied for cache modelDependencies with key java.util.List<com.example.demo.model.Member>(true)
[2018-03-05 00:53:27] INFO  springfox.documentation.schema.property.ModelPropertiesKeyGenerator 48 generate - Cache key generated: com.example.demo.model.Member(true)
[2018-03-05 00:53:27] INFO  springfox.documentation.spring.web.caching.CachingAspect 68 operationsAndProperties - Caching aspect applied for cache modelProperties with key com.example.demo.model.Member(true)
[2018-03-05 00:53:27] INFO  springfox.documentation.schema.property.ModelPropertiesKeyGenerator 48 generate - Cache key generated: java.util.List<com.example.demo.model.Member>(true)
[2018-03-05 00:53:27] INFO  springfox.documentation.spring.web.caching.CachingAspect 68 operationsAndProperties - Caching aspect applied for cache modelProperties with key java.util.List<com.example.demo.model.Member>(true)
[2018-03-05 00:53:27] INFO  springfox.documentation.schema.property.ModelPropertiesKeyGenerator 48 generate - Cache key generated: com.example.demo.model.Member(true)
[2018-03-05 00:53:27] INFO  springfox.documentation.spring.web.caching.CachingAspect 68 operationsAndProperties - Caching aspect applied for cache modelProperties with key com.example.demo.model.Member(true)
[2018-03-05 00:53:27] INFO  springfox.documentation.schema.ModelContextKeyGenerator 46 generate - Cache Key Generated: java.lang.Void(true)
[2018-03-05 00:53:27] INFO  springfox.documentation.spring.web.caching.CachingAspect 79 modelsAndDependencies - Caching aspect applied for cache models with key java.lang.Void(true)
[2018-03-05 00:53:27] INFO  springfox.documentation.schema.ModelContextKeyGenerator 46 generate - Cache Key Generated: java.lang.Void(true)
[2018-03-05 00:53:27] INFO  springfox.documentation.spring.web.caching.CachingAspect 79 modelsAndDependencies - Caching aspect applied for cache modelDependencies with key java.lang.Void(true)
[2018-03-05 00:53:27] INFO  springfox.documentation.spring.web.OperationsKeyGenerator 51 generate - Cache key generated: /user/{userID}.com.example.demo.controller.UserController.getUserInfoByID.DefaultGenericTypeNamingStrategy
[2018-03-05 00:53:27] INFO  springfox.documentation.spring.web.caching.CachingAspect 68 operationsAndProperties - Caching aspect applied for cache operations with key /user/{userID}.com.example.demo.controller.UserController.getUserInfoByID.DefaultGenericTypeNamingStrategy
[2018-03-05 00:53:27] INFO  springfox.documentation.swagger.web.ClassOrApiAnnotationResourceGrouping$1 100 apply - Group for method getUserInfoByID was user-controller
[2018-03-05 00:53:27] INFO  springfox.documentation.swagger.web.ClassOrApiAnnotationResourceGrouping$1 100 apply - Group for method getUserInfoByID was user-controller
[2018-03-05 00:53:27] INFO  org.springframework.boot.StartupInfoLogger 57 logStarted - Started DemoApplicationTests in 6.265 seconds (JVM running for 7.409)
[2018-03-05 00:53:27] INFO  org.springframework.context.support.AbstractApplicationContext 984 doClose - Closing org.springframework.web.context.support.GenericWebApplicationContext@42a15bdc: startup date [Mon Mar 05 00:53:22 CST 2018]; root of context hierarchy
[2018-03-05 00:53:46] INFO  org.springframework.context.support.AbstractApplicationContext 583 prepareRefresh - Refreshing org.springframework.boot.context.embedded.AnnotationConfigEmbeddedWebApplicationContext@6d86b085: startup date [Mon Mar 05 00:53:46 CST 2018]; root of context hierarchy
[2018-03-05 00:53:48] INFO  org.springframework.context.support.PostProcessorRegistrationDelegate$BeanPostProcessorChecker 327 postProcessAfterInitialization - Bean 'org.springframework.transaction.annotation.ProxyTransactionManagementConfiguration' of type [org.springframework.transaction.annotation.ProxyTransactionManagementConfiguration$$EnhancerBySpringCGLIB$$8b30196a] is not eligible for getting processed by all BeanPostProcessors (for example: not eligible for auto-proxying)
[2018-03-05 00:53:49] INFO  org.springframework.boot.context.embedded.tomcat.TomcatEmbeddedServletContainer 89 initialize - Tomcat initialized with port(s): 8080 (http)
[2018-03-05 00:53:49] INFO  org.apache.juli.logging.DirectJDKLog 180 log - Starting service [Tomcat]
[2018-03-05 00:53:49] INFO  org.apache.juli.logging.DirectJDKLog 180 log - Starting Servlet Engine: Apache Tomcat/8.5.27
[2018-03-05 00:53:49] INFO  org.apache.juli.logging.DirectJDKLog 180 log - Initializing Spring embedded WebApplicationContext
[2018-03-05 00:53:49] INFO  org.springframework.boot.context.embedded.EmbeddedWebApplicationContext 276 prepareEmbeddedWebApplicationContext - Root WebApplicationContext: initialization completed in 2416 ms
[2018-03-05 00:53:49] INFO  org.springframework.boot.web.servlet.ServletRegistrationBean 190 onStartup - Mapping servlet: 'dispatcherServlet' to [/]
[2018-03-05 00:53:49] INFO  org.springframework.boot.web.servlet.ServletRegistrationBean 190 onStartup - Mapping servlet: 'statViewServlet' to [/druid/*]
[2018-03-05 00:53:49] INFO  org.springframework.boot.web.servlet.AbstractFilterRegistrationBean 258 configure - Mapping filter: 'characterEncodingFilter' to: [/*]
[2018-03-05 00:53:49] INFO  org.springframework.boot.web.servlet.AbstractFilterRegistrationBean 258 configure - Mapping filter: 'hiddenHttpMethodFilter' to: [/*]
[2018-03-05 00:53:49] INFO  org.springframework.boot.web.servlet.AbstractFilterRegistrationBean 258 configure - Mapping filter: 'httpPutFormContentFilter' to: [/*]
[2018-03-05 00:53:49] INFO  org.springframework.boot.web.servlet.AbstractFilterRegistrationBean 258 configure - Mapping filter: 'requestContextFilter' to: [/*]
[2018-03-05 00:53:49] INFO  org.springframework.boot.web.servlet.AbstractFilterRegistrationBean 271 configure - Mapping filter: 'webStatFilter' to urls: [/*]
[2018-03-05 00:53:51] INFO  org.springframework.web.servlet.handler.AbstractHandlerMethodMapping$MappingRegistry 543 register - Mapped "{[/user/{userID}],methods=[GET]}" onto public java.util.List<com.example.demo.model.Member> com.example.demo.controller.UserController.getUserInfoByID(java.lang.Long)
[2018-03-05 00:53:51] INFO  org.springframework.web.servlet.handler.AbstractHandlerMethodMapping$MappingRegistry 543 register - Mapped "{[/goods/{type}],methods=[GET]}" onto public java.util.List<com.example.demo.model.Goods> com.example.demo.controller.GoodsController.getGoodsBuType(java.lang.String)
[2018-03-05 00:53:51] INFO  org.springframework.web.servlet.handler.AbstractHandlerMethodMapping$MappingRegistry 543 register - Mapped "{[/v2/api-docs],methods=[GET]}" onto public org.springframework.http.ResponseEntity<springfox.documentation.spring.web.json.Json> springfox.documentation.swagger2.web.Swagger2Controller.getDocumentation(java.lang.String)
[2018-03-05 00:53:51] INFO  org.springframework.web.servlet.handler.AbstractHandlerMethodMapping$MappingRegistry 543 register - Mapped "{[/configuration/security]}" onto org.springframework.http.ResponseEntity<springfox.documentation.swagger.web.SecurityConfiguration> springfox.documentation.swagger.web.ApiResourceController.securityConfiguration()
[2018-03-05 00:53:51] INFO  org.springframework.web.servlet.handler.AbstractHandlerMethodMapping$MappingRegistry 543 register - Mapped "{[/configuration/ui]}" onto org.springframework.http.ResponseEntity<springfox.documentation.swagger.web.UiConfiguration> springfox.documentation.swagger.web.ApiResourceController.uiConfiguration()
[2018-03-05 00:53:51] INFO  org.springframework.web.servlet.handler.AbstractHandlerMethodMapping$MappingRegistry 543 register - Mapped "{[/swagger-resources]}" onto org.springframework.http.ResponseEntity<java.util.List<springfox.documentation.swagger.web.SwaggerResource>> springfox.documentation.swagger.web.ApiResourceController.swaggerResources()
[2018-03-05 00:53:51] INFO  org.springframework.web.servlet.handler.AbstractHandlerMethodMapping$MappingRegistry 543 register - Mapped "{[/error],produces=[text/html]}" onto public org.springframework.web.servlet.ModelAndView org.springframework.boot.autoconfigure.web.BasicErrorController.errorHtml(javax.servlet.http.HttpServletRequest,javax.servlet.http.HttpServletResponse)
[2018-03-05 00:53:51] INFO  org.springframework.web.servlet.handler.AbstractHandlerMethodMapping$MappingRegistry 543 register - Mapped "{[/error]}" onto public org.springframework.http.ResponseEntity<java.util.Map<java.lang.String, java.lang.Object>> org.springframework.boot.autoconfigure.web.BasicErrorController.error(javax.servlet.http.HttpServletRequest)
[2018-03-05 00:53:51] INFO  org.springframework.web.servlet.mvc.method.annotation.RequestMappingHandlerAdapter 534 initControllerAdviceCache - Looking for @ControllerAdvice: org.springframework.boot.context.embedded.AnnotationConfigEmbeddedWebApplicationContext@6d86b085: startup date [Mon Mar 05 00:53:46 CST 2018]; root of context hierarchy
[2018-03-05 00:53:51] INFO  org.springframework.web.servlet.handler.AbstractUrlHandlerMapping 362 registerHandler - Mapped URL path [/webjars/**] onto handler of type [class org.springframework.web.servlet.resource.ResourceHttpRequestHandler]
[2018-03-05 00:53:51] INFO  org.springframework.web.servlet.handler.AbstractUrlHandlerMapping 362 registerHandler - Mapped URL path [/**] onto handler of type [class org.springframework.web.servlet.resource.ResourceHttpRequestHandler]
[2018-03-05 00:53:51] INFO  org.springframework.web.servlet.handler.AbstractUrlHandlerMapping 362 registerHandler - Mapped URL path [/**/favicon.ico] onto handler of type [class org.springframework.web.servlet.resource.ResourceHttpRequestHandler]
[2018-03-05 00:53:52] INFO  org.springframework.jmx.export.MBeanExporter 431 afterSingletonsInstantiated - Registering beans for JMX exposure on startup
[2018-03-05 00:53:52] INFO  org.springframework.jmx.export.MBeanExporter 916 autodetect - Bean with name 'statFilter' has been autodetected for JMX exposure
[2018-03-05 00:53:52] INFO  org.springframework.jmx.export.MBeanExporter 916 autodetect - Bean with name 'slf4jLogFilter' has been autodetected for JMX exposure
[2018-03-05 00:53:52] INFO  org.springframework.jmx.export.MBeanExporter 916 autodetect - Bean with name 'dataSource' has been autodetected for JMX exposure
[2018-03-05 00:53:52] INFO  org.springframework.jmx.export.MBeanExporter 671 registerBeanInstance - Located MBean 'slf4jLogFilter': registering with JMX server as MBean [com.alibaba.druid.filter.logging:name=slf4jLogFilter,type=Slf4jLogFilter]
[2018-03-05 00:53:52] INFO  org.springframework.jmx.export.MBeanExporter 671 registerBeanInstance - Located MBean 'dataSource': registering with JMX server as MBean [com.alibaba.druid.spring.boot.autoconfigure:name=dataSource,type=DruidDataSourceWrapper]
[2018-03-05 00:53:52] INFO  org.springframework.jmx.export.MBeanExporter 671 registerBeanInstance - Located MBean 'statFilter': registering with JMX server as MBean [com.alibaba.druid.filter.stat:name=statFilter,type=StatFilter]
[2018-03-05 00:53:52] INFO  springfox.documentation.spring.web.plugins.DocumentationPluginsBootstrapper 80 onApplicationEvent - Context refreshed
[2018-03-05 00:53:52] INFO  springfox.documentation.spring.web.plugins.DocumentationPluginsBootstrapper 83 onApplicationEvent - Found {0} custom documentation plugin(s)
[2018-03-05 00:53:52] INFO  springfox.documentation.spring.web.scanners.ApiListingReferenceScanner 53 scan - Scanning for api listing references
[2018-03-05 00:53:52] INFO  springfox.documentation.swagger.web.ClassOrApiAnnotationResourceGrouping$1 100 apply - Group for method getGoodsBuType was goods-controller
[2018-03-05 00:53:52] INFO  springfox.documentation.spring.web.scanners.ApiListingReferenceScanner 72 scan - Request mapping: getGoodsBuType belongs to groups: [[ResourceGroup{groupName='goods-controller', position=0, controller=com.example.demo.controller.GoodsController}]] 
[2018-03-05 00:53:52] INFO  springfox.documentation.swagger.web.ClassOrApiAnnotationResourceGrouping$1 100 apply - Group for method getUserInfoByID was user-controller
[2018-03-05 00:53:52] INFO  springfox.documentation.spring.web.scanners.ApiListingReferenceScanner 72 scan - Request mapping: getUserInfoByID belongs to groups: [[ResourceGroup{groupName='user-controller', position=0, controller=com.example.demo.controller.UserController}]] 
[2018-03-05 00:53:52] INFO  springfox.documentation.spring.web.scanners.ApiListingReferenceScanner 84 scan - Created resource listing Path: /default/goods-controller Description: goods-controller Position: 0
[2018-03-05 00:53:52] INFO  springfox.documentation.spring.web.scanners.ApiListingReferenceScanner 84 scan - Created resource listing Path: /default/user-controller Description: user-controller Position: 0
[2018-03-05 00:53:52] INFO  springfox.documentation.schema.ModelContextKeyGenerator 46 generate - Cache Key Generated: java.lang.Void(true)
[2018-03-05 00:53:52] INFO  springfox.documentation.spring.web.caching.CachingAspect 79 modelsAndDependencies - Caching aspect applied for cache models with key java.lang.Void(true)
[2018-03-05 00:53:52] INFO  springfox.documentation.schema.ModelContextKeyGenerator 46 generate - Cache Key Generated: java.lang.Void(true)
[2018-03-05 00:53:52] INFO  springfox.documentation.spring.web.caching.CachingAspect 79 modelsAndDependencies - Caching aspect applied for cache modelDependencies with key java.lang.Void(true)
[2018-03-05 00:53:52] INFO  springfox.documentation.schema.ModelContextKeyGenerator 46 generate - Cache Key Generated: java.util.List<com.example.demo.model.Goods>(true)
[2018-03-05 00:53:52] INFO  springfox.documentation.spring.web.caching.CachingAspect 79 modelsAndDependencies - Caching aspect applied for cache models with key java.util.List<com.example.demo.model.Goods>(true)
[2018-03-05 00:53:52] INFO  springfox.documentation.schema.ModelContextKeyGenerator 46 generate - Cache Key Generated: java.util.List<com.example.demo.model.Goods>(true)
[2018-03-05 00:53:52] INFO  springfox.documentation.spring.web.caching.CachingAspect 79 modelsAndDependencies - Caching aspect applied for cache modelDependencies with key java.util.List<com.example.demo.model.Goods>(true)
[2018-03-05 00:53:52] INFO  springfox.documentation.schema.property.ModelPropertiesKeyGenerator 48 generate - Cache key generated: com.example.demo.model.Goods(true)
[2018-03-05 00:53:52] INFO  springfox.documentation.spring.web.caching.CachingAspect 68 operationsAndProperties - Caching aspect applied for cache modelProperties with key com.example.demo.model.Goods(true)
[2018-03-05 00:53:52] INFO  springfox.documentation.schema.property.ModelPropertiesKeyGenerator 48 generate - Cache key generated: java.util.List<com.example.demo.model.Goods>(true)
[2018-03-05 00:53:52] INFO  springfox.documentation.spring.web.caching.CachingAspect 68 operationsAndProperties - Caching aspect applied for cache modelProperties with key java.util.List<com.example.demo.model.Goods>(true)
[2018-03-05 00:53:52] INFO  springfox.documentation.schema.property.ModelPropertiesKeyGenerator 48 generate - Cache key generated: com.example.demo.model.Goods(true)
[2018-03-05 00:53:52] INFO  springfox.documentation.spring.web.caching.CachingAspect 68 operationsAndProperties - Caching aspect applied for cache modelProperties with key com.example.demo.model.Goods(true)
[2018-03-05 00:53:52] INFO  springfox.documentation.spring.web.OperationsKeyGenerator 51 generate - Cache key generated: /goods/{type}.com.example.demo.controller.GoodsController.getGoodsBuType.DefaultGenericTypeNamingStrategy
[2018-03-05 00:53:52] INFO  springfox.documentation.spring.web.caching.CachingAspect 68 operationsAndProperties - Caching aspect applied for cache operations with key /goods/{type}.com.example.demo.controller.GoodsController.getGoodsBuType.DefaultGenericTypeNamingStrategy
[2018-03-05 00:53:52] INFO  springfox.documentation.swagger.web.ClassOrApiAnnotationResourceGrouping$1 100 apply - Group for method getGoodsBuType was goods-controller
[2018-03-05 00:53:52] INFO  springfox.documentation.swagger.web.ClassOrApiAnnotationResourceGrouping$1 100 apply - Group for method getGoodsBuType was goods-controller
[2018-03-05 00:53:52] INFO  springfox.documentation.schema.ModelContextKeyGenerator 46 generate - Cache Key Generated: java.util.List<com.example.demo.model.Member>(true)
[2018-03-05 00:53:52] INFO  springfox.documentation.spring.web.caching.CachingAspect 79 modelsAndDependencies - Caching aspect applied for cache models with key java.util.List<com.example.demo.model.Member>(true)
[2018-03-05 00:53:52] INFO  springfox.documentation.schema.ModelContextKeyGenerator 46 generate - Cache Key Generated: java.util.List<com.example.demo.model.Member>(true)
[2018-03-05 00:53:52] INFO  springfox.documentation.spring.web.caching.CachingAspect 79 modelsAndDependencies - Caching aspect applied for cache modelDependencies with key java.util.List<com.example.demo.model.Member>(true)
[2018-03-05 00:53:52] INFO  springfox.documentation.schema.property.ModelPropertiesKeyGenerator 48 generate - Cache key generated: com.example.demo.model.Member(true)
[2018-03-05 00:53:52] INFO  springfox.documentation.spring.web.caching.CachingAspect 68 operationsAndProperties - Caching aspect applied for cache modelProperties with key com.example.demo.model.Member(true)
[2018-03-05 00:53:53] INFO  springfox.documentation.schema.property.ModelPropertiesKeyGenerator 48 generate - Cache key generated: java.util.List<com.example.demo.model.Member>(true)
[2018-03-05 00:53:53] INFO  springfox.documentation.spring.web.caching.CachingAspect 68 operationsAndProperties - Caching aspect applied for cache modelProperties with key java.util.List<com.example.demo.model.Member>(true)
[2018-03-05 00:53:53] INFO  springfox.documentation.schema.property.ModelPropertiesKeyGenerator 48 generate - Cache key generated: com.example.demo.model.Member(true)
[2018-03-05 00:53:53] INFO  springfox.documentation.spring.web.caching.CachingAspect 68 operationsAndProperties - Caching aspect applied for cache modelProperties with key com.example.demo.model.Member(true)
[2018-03-05 00:53:53] INFO  springfox.documentation.schema.ModelContextKeyGenerator 46 generate - Cache Key Generated: java.lang.Void(true)
[2018-03-05 00:53:53] INFO  springfox.documentation.spring.web.caching.CachingAspect 79 modelsAndDependencies - Caching aspect applied for cache models with key java.lang.Void(true)
[2018-03-05 00:53:53] INFO  springfox.documentation.schema.ModelContextKeyGenerator 46 generate - Cache Key Generated: java.lang.Void(true)
[2018-03-05 00:53:53] INFO  springfox.documentation.spring.web.caching.CachingAspect 79 modelsAndDependencies - Caching aspect applied for cache modelDependencies with key java.lang.Void(true)
[2018-03-05 00:53:53] INFO  springfox.documentation.spring.web.OperationsKeyGenerator 51 generate - Cache key generated: /user/{userID}.com.example.demo.controller.UserController.getUserInfoByID.DefaultGenericTypeNamingStrategy
[2018-03-05 00:53:53] INFO  springfox.documentation.spring.web.caching.CachingAspect 68 operationsAndProperties - Caching aspect applied for cache operations with key /user/{userID}.com.example.demo.controller.UserController.getUserInfoByID.DefaultGenericTypeNamingStrategy
[2018-03-05 00:53:53] INFO  springfox.documentation.swagger.web.ClassOrApiAnnotationResourceGrouping$1 100 apply - Group for method getUserInfoByID was user-controller
[2018-03-05 00:53:53] INFO  springfox.documentation.swagger.web.ClassOrApiAnnotationResourceGrouping$1 100 apply - Group for method getUserInfoByID was user-controller
[2018-03-05 00:53:53] INFO  org.springframework.boot.context.embedded.tomcat.TomcatEmbeddedServletContainer 201 start - Tomcat started on port(s): 8080 (http)
[2018-03-05 00:54:46] INFO  org.apache.juli.logging.DirectJDKLog 180 log - Initializing Spring FrameworkServlet 'dispatcherServlet'
[2018-03-05 00:54:46] INFO  org.springframework.web.servlet.FrameworkServlet 489 initServletBean - FrameworkServlet 'dispatcherServlet': initialization started
[2018-03-05 00:54:46] INFO  org.springframework.web.servlet.FrameworkServlet 508 initServletBean - FrameworkServlet 'dispatcherServlet': initialization completed in 35 ms
[2018-03-05 00:55:29] INFO  org.springframework.context.support.AbstractApplicationContext 984 doClose - Closing org.springframework.boot.context.embedded.AnnotationConfigEmbeddedWebApplicationContext@6d86b085: startup date [Mon Mar 05 00:53:46 CST 2018]; root of context hierarchy
[2018-03-05 00:57:25] INFO  org.springframework.test.context.support.AbstractTestContextBootstrapper 307 buildDefaultMergedContextConfiguration - Neither @ContextConfiguration nor @ContextHierarchy found for test class [com.example.demo.DemoApplicationTests], using SpringBootContextLoader
[2018-03-05 00:57:25] INFO  org.springframework.test.context.support.AbstractContextLoader 264 generateDefaultLocations - Could not detect default resource locations for test class [com.example.demo.DemoApplicationTests]: no resource found for suffixes {-context.xml, Context.groovy}.
[2018-03-05 00:57:25] INFO  org.springframework.test.context.support.AnnotationConfigContextLoaderUtils 81 detectDefaultConfigurationClasses - Could not detect default configuration classes for test class [com.example.demo.DemoApplicationTests]: DemoApplicationTests does not declare any static, non-private, non-final, nested classes annotated with @Configuration.
[2018-03-05 00:57:25] INFO  org.springframework.boot.test.context.SpringBootTestContextBootstrapper 206 getOrFindConfigurationClasses - Found @SpringBootConfiguration com.example.demo.DemoApplication for test class com.example.demo.DemoApplicationTests
[2018-03-05 00:57:25] INFO  org.springframework.test.context.support.AbstractTestContextBootstrapper 248 getDefaultTestExecutionListenerClassNames - Loaded default TestExecutionListener class names from location [META-INF/spring.factories]: [org.springframework.boot.test.mock.mockito.MockitoTestExecutionListener, org.springframework.boot.test.mock.mockito.ResetMocksTestExecutionListener, org.springframework.boot.test.autoconfigure.restdocs.RestDocsTestExecutionListener, org.springframework.boot.test.autoconfigure.web.client.MockRestServiceServerResetTestExecutionListener, org.springframework.boot.test.autoconfigure.web.servlet.MockMvcPrintOnlyOnFailureTestExecutionListener, org.springframework.boot.test.autoconfigure.web.servlet.WebDriverTestExecutionListener, org.springframework.test.context.web.ServletTestExecutionListener, org.springframework.test.context.support.DirtiesContextBeforeModesTestExecutionListener, org.springframework.test.context.support.DependencyInjectionTestExecutionListener, org.springframework.test.context.support.DirtiesContextTestExecutionListener, org.springframework.test.context.transaction.TransactionalTestExecutionListener, org.springframework.test.context.jdbc.SqlScriptsTestExecutionListener]
[2018-03-05 00:57:25] INFO  org.springframework.test.context.support.AbstractTestContextBootstrapper 174 getTestExecutionListeners - Using TestExecutionListeners: [org.springframework.test.context.web.ServletTestExecutionListener@41e1e210, org.springframework.test.context.support.DirtiesContextBeforeModesTestExecutionListener@be35cd9, org.springframework.boot.test.autoconfigure.SpringBootDependencyInjectionTestExecutionListener@4944252c, org.springframework.test.context.support.DirtiesContextTestExecutionListener@44821a96, org.springframework.test.context.transaction.TransactionalTestExecutionListener@a3d8174, org.springframework.test.context.jdbc.SqlScriptsTestExecutionListener@1ba9117e, org.springframework.boot.test.mock.mockito.MockitoTestExecutionListener@732c2a62, org.springframework.boot.test.mock.mockito.ResetMocksTestExecutionListener@272ed83b, org.springframework.boot.test.autoconfigure.restdocs.RestDocsTestExecutionListener@41fecb8b, org.springframework.boot.test.autoconfigure.web.client.MockRestServiceServerResetTestExecutionListener@120f102b, org.springframework.boot.test.autoconfigure.web.servlet.MockMvcPrintOnlyOnFailureTestExecutionListener@625732, org.springframework.boot.test.autoconfigure.web.servlet.WebDriverTestExecutionListener@51dcb805]
[2018-03-05 00:57:25] INFO  org.springframework.test.context.support.AbstractTestContextBootstrapper 307 buildDefaultMergedContextConfiguration - Neither @ContextConfiguration nor @ContextHierarchy found for test class [com.example.demo.DemoApplicationTests], using SpringBootContextLoader
[2018-03-05 00:57:25] INFO  org.springframework.test.context.support.AbstractContextLoader 264 generateDefaultLocations - Could not detect default resource locations for test class [com.example.demo.DemoApplicationTests]: no resource found for suffixes {-context.xml, Context.groovy}.
[2018-03-05 00:57:25] INFO  org.springframework.test.context.support.AnnotationConfigContextLoaderUtils 81 detectDefaultConfigurationClasses - Could not detect default configuration classes for test class [com.example.demo.DemoApplicationTests]: DemoApplicationTests does not declare any static, non-private, non-final, nested classes annotated with @Configuration.
[2018-03-05 00:57:25] INFO  org.springframework.boot.test.context.SpringBootTestContextBootstrapper 206 getOrFindConfigurationClasses - Found @SpringBootConfiguration com.example.demo.DemoApplication for test class com.example.demo.DemoApplicationTests
[2018-03-05 00:57:25] INFO  org.springframework.test.context.support.AbstractTestContextBootstrapper 248 getDefaultTestExecutionListenerClassNames - Loaded default TestExecutionListener class names from location [META-INF/spring.factories]: [org.springframework.boot.test.mock.mockito.MockitoTestExecutionListener, org.springframework.boot.test.mock.mockito.ResetMocksTestExecutionListener, org.springframework.boot.test.autoconfigure.restdocs.RestDocsTestExecutionListener, org.springframework.boot.test.autoconfigure.web.client.MockRestServiceServerResetTestExecutionListener, org.springframework.boot.test.autoconfigure.web.servlet.MockMvcPrintOnlyOnFailureTestExecutionListener, org.springframework.boot.test.autoconfigure.web.servlet.WebDriverTestExecutionListener, org.springframework.test.context.web.ServletTestExecutionListener, org.springframework.test.context.support.DirtiesContextBeforeModesTestExecutionListener, org.springframework.test.context.support.DependencyInjectionTestExecutionListener, org.springframework.test.context.support.DirtiesContextTestExecutionListener, org.springframework.test.context.transaction.TransactionalTestExecutionListener, org.springframework.test.context.jdbc.SqlScriptsTestExecutionListener]
[2018-03-05 00:57:25] INFO  org.springframework.test.context.support.AbstractTestContextBootstrapper 174 getTestExecutionListeners - Using TestExecutionListeners: [org.springframework.test.context.web.ServletTestExecutionListener@25084a1e, org.springframework.test.context.support.DirtiesContextBeforeModesTestExecutionListener@156b88f5, org.springframework.boot.test.autoconfigure.SpringBootDependencyInjectionTestExecutionListener@3bf9ce3e, org.springframework.test.context.support.DirtiesContextTestExecutionListener@16610890, org.springframework.test.context.transaction.TransactionalTestExecutionListener@71def8f8, org.springframework.test.context.jdbc.SqlScriptsTestExecutionListener@383bfa16, org.springframework.boot.test.mock.mockito.MockitoTestExecutionListener@4d465b11, org.springframework.boot.test.mock.mockito.ResetMocksTestExecutionListener@53fdffa1, org.springframework.boot.test.autoconfigure.restdocs.RestDocsTestExecutionListener@5562c41e, org.springframework.boot.test.autoconfigure.web.client.MockRestServiceServerResetTestExecutionListener@32ee6fee, org.springframework.boot.test.autoconfigure.web.servlet.MockMvcPrintOnlyOnFailureTestExecutionListener@4d0f2471, org.springframework.boot.test.autoconfigure.web.servlet.WebDriverTestExecutionListener@7133da86]
[2018-03-05 00:57:26] INFO  org.springframework.boot.StartupInfoLogger 48 logStarting - Starting DemoApplicationTests on linyimin-ThinkPad-E570 with PID 4256 (started by linyimin in /home/linyimin/practice/Spring-boot-demo)
[2018-03-05 00:57:26] INFO  org.springframework.boot.SpringApplication 593 logStartupProfileInfo - No active profile set, falling back to default profiles: default
[2018-03-05 00:57:26] INFO  org.springframework.context.support.AbstractApplicationContext 583 prepareRefresh - Refreshing org.springframework.web.context.support.GenericWebApplicationContext@42a15bdc: startup date [Mon Mar 05 00:57:26 CST 2018]; root of context hierarchy
[2018-03-05 00:57:28] INFO  org.springframework.context.support.PostProcessorRegistrationDelegate$BeanPostProcessorChecker 327 postProcessAfterInitialization - Bean 'org.springframework.transaction.annotation.ProxyTransactionManagementConfiguration' of type [org.springframework.transaction.annotation.ProxyTransactionManagementConfiguration$$EnhancerBySpringCGLIB$$9c88d6de] is not eligible for getting processed by all BeanPostProcessors (for example: not eligible for auto-proxying)
[2018-03-05 00:57:30] INFO  org.springframework.web.servlet.handler.AbstractHandlerMethodMapping$MappingRegistry 543 register - Mapped "{[/goods/{type}],methods=[GET]}" onto public java.util.List<com.example.demo.model.Goods> com.example.demo.controller.GoodsController.getGoodsBuType(java.lang.String)
[2018-03-05 00:57:30] INFO  org.springframework.web.servlet.handler.AbstractHandlerMethodMapping$MappingRegistry 543 register - Mapped "{[/user/{userID}],methods=[GET]}" onto public java.util.List<com.example.demo.model.Member> com.example.demo.controller.UserController.getUserInfoByID(java.lang.Long)
[2018-03-05 00:57:30] INFO  org.springframework.web.servlet.handler.AbstractHandlerMethodMapping$MappingRegistry 543 register - Mapped "{[/v2/api-docs],methods=[GET]}" onto public org.springframework.http.ResponseEntity<springfox.documentation.spring.web.json.Json> springfox.documentation.swagger2.web.Swagger2Controller.getDocumentation(java.lang.String)
[2018-03-05 00:57:30] INFO  org.springframework.web.servlet.handler.AbstractHandlerMethodMapping$MappingRegistry 543 register - Mapped "{[/configuration/security]}" onto org.springframework.http.ResponseEntity<springfox.documentation.swagger.web.SecurityConfiguration> springfox.documentation.swagger.web.ApiResourceController.securityConfiguration()
[2018-03-05 00:57:30] INFO  org.springframework.web.servlet.handler.AbstractHandlerMethodMapping$MappingRegistry 543 register - Mapped "{[/configuration/ui]}" onto org.springframework.http.ResponseEntity<springfox.documentation.swagger.web.UiConfiguration> springfox.documentation.swagger.web.ApiResourceController.uiConfiguration()
[2018-03-05 00:57:30] INFO  org.springframework.web.servlet.handler.AbstractHandlerMethodMapping$MappingRegistry 543 register - Mapped "{[/swagger-resources]}" onto org.springframework.http.ResponseEntity<java.util.List<springfox.documentation.swagger.web.SwaggerResource>> springfox.documentation.swagger.web.ApiResourceController.swaggerResources()
[2018-03-05 00:57:30] INFO  org.springframework.web.servlet.handler.AbstractHandlerMethodMapping$MappingRegistry 543 register - Mapped "{[/error],produces=[text/html]}" onto public org.springframework.web.servlet.ModelAndView org.springframework.boot.autoconfigure.web.BasicErrorController.errorHtml(javax.servlet.http.HttpServletRequest,javax.servlet.http.HttpServletResponse)
[2018-03-05 00:57:30] INFO  org.springframework.web.servlet.handler.AbstractHandlerMethodMapping$MappingRegistry 543 register - Mapped "{[/error]}" onto public org.springframework.http.ResponseEntity<java.util.Map<java.lang.String, java.lang.Object>> org.springframework.boot.autoconfigure.web.BasicErrorController.error(javax.servlet.http.HttpServletRequest)
[2018-03-05 00:57:31] INFO  org.springframework.web.servlet.mvc.method.annotation.RequestMappingHandlerAdapter 534 initControllerAdviceCache - Looking for @ControllerAdvice: org.springframework.web.context.support.GenericWebApplicationContext@42a15bdc: startup date [Mon Mar 05 00:57:26 CST 2018]; root of context hierarchy
[2018-03-05 00:57:31] INFO  org.springframework.web.servlet.handler.AbstractUrlHandlerMapping 362 registerHandler - Mapped URL path [/webjars/**] onto handler of type [class org.springframework.web.servlet.resource.ResourceHttpRequestHandler]
[2018-03-05 00:57:31] INFO  org.springframework.web.servlet.handler.AbstractUrlHandlerMapping 362 registerHandler - Mapped URL path [/**] onto handler of type [class org.springframework.web.servlet.resource.ResourceHttpRequestHandler]
[2018-03-05 00:57:31] INFO  org.springframework.web.servlet.handler.AbstractUrlHandlerMapping 362 registerHandler - Mapped URL path [/**/favicon.ico] onto handler of type [class org.springframework.web.servlet.resource.ResourceHttpRequestHandler]
[2018-03-05 00:57:32] INFO  springfox.documentation.spring.web.plugins.DocumentationPluginsBootstrapper 80 onApplicationEvent - Context refreshed
[2018-03-05 00:57:32] INFO  springfox.documentation.spring.web.plugins.DocumentationPluginsBootstrapper 83 onApplicationEvent - Found {0} custom documentation plugin(s)
[2018-03-05 00:57:32] INFO  springfox.documentation.spring.web.scanners.ApiListingReferenceScanner 53 scan - Scanning for api listing references
[2018-03-05 00:57:32] INFO  springfox.documentation.swagger.web.ClassOrApiAnnotationResourceGrouping$1 100 apply - Group for method getGoodsBuType was goods-controller
[2018-03-05 00:57:32] INFO  springfox.documentation.spring.web.scanners.ApiListingReferenceScanner 72 scan - Request mapping: getGoodsBuType belongs to groups: [[ResourceGroup{groupName='goods-controller', position=0, controller=com.example.demo.controller.GoodsController}]] 
[2018-03-05 00:57:32] INFO  springfox.documentation.swagger.web.ClassOrApiAnnotationResourceGrouping$1 100 apply - Group for method getUserInfoByID was user-controller
[2018-03-05 00:57:32] INFO  springfox.documentation.spring.web.scanners.ApiListingReferenceScanner 72 scan - Request mapping: getUserInfoByID belongs to groups: [[ResourceGroup{groupName='user-controller', position=0, controller=com.example.demo.controller.UserController}]] 
[2018-03-05 00:57:32] INFO  springfox.documentation.spring.web.scanners.ApiListingReferenceScanner 84 scan - Created resource listing Path: /default/goods-controller Description: goods-controller Position: 0
[2018-03-05 00:57:32] INFO  springfox.documentation.spring.web.scanners.ApiListingReferenceScanner 84 scan - Created resource listing Path: /default/user-controller Description: user-controller Position: 0
[2018-03-05 00:57:32] INFO  springfox.documentation.schema.ModelContextKeyGenerator 46 generate - Cache Key Generated: java.lang.Void(true)
[2018-03-05 00:57:32] INFO  springfox.documentation.spring.web.caching.CachingAspect 79 modelsAndDependencies - Caching aspect applied for cache models with key java.lang.Void(true)
[2018-03-05 00:57:32] INFO  springfox.documentation.schema.ModelContextKeyGenerator 46 generate - Cache Key Generated: java.lang.Void(true)
[2018-03-05 00:57:32] INFO  springfox.documentation.spring.web.caching.CachingAspect 79 modelsAndDependencies - Caching aspect applied for cache modelDependencies with key java.lang.Void(true)
[2018-03-05 00:57:32] INFO  springfox.documentation.schema.ModelContextKeyGenerator 46 generate - Cache Key Generated: java.util.List<com.example.demo.model.Goods>(true)
[2018-03-05 00:57:32] INFO  springfox.documentation.spring.web.caching.CachingAspect 79 modelsAndDependencies - Caching aspect applied for cache models with key java.util.List<com.example.demo.model.Goods>(true)
[2018-03-05 00:57:32] INFO  springfox.documentation.schema.ModelContextKeyGenerator 46 generate - Cache Key Generated: java.util.List<com.example.demo.model.Goods>(true)
[2018-03-05 00:57:32] INFO  springfox.documentation.spring.web.caching.CachingAspect 79 modelsAndDependencies - Caching aspect applied for cache modelDependencies with key java.util.List<com.example.demo.model.Goods>(true)
[2018-03-05 00:57:32] INFO  springfox.documentation.schema.property.ModelPropertiesKeyGenerator 48 generate - Cache key generated: com.example.demo.model.Goods(true)
[2018-03-05 00:57:32] INFO  springfox.documentation.spring.web.caching.CachingAspect 68 operationsAndProperties - Caching aspect applied for cache modelProperties with key com.example.demo.model.Goods(true)
[2018-03-05 00:57:32] INFO  springfox.documentation.schema.property.ModelPropertiesKeyGenerator 48 generate - Cache key generated: java.util.List<com.example.demo.model.Goods>(true)
[2018-03-05 00:57:32] INFO  springfox.documentation.spring.web.caching.CachingAspect 68 operationsAndProperties - Caching aspect applied for cache modelProperties with key java.util.List<com.example.demo.model.Goods>(true)
[2018-03-05 00:57:32] INFO  springfox.documentation.schema.property.ModelPropertiesKeyGenerator 48 generate - Cache key generated: com.example.demo.model.Goods(true)
[2018-03-05 00:57:32] INFO  springfox.documentation.spring.web.caching.CachingAspect 68 operationsAndProperties - Caching aspect applied for cache modelProperties with key com.example.demo.model.Goods(true)
[2018-03-05 00:57:32] INFO  springfox.documentation.spring.web.OperationsKeyGenerator 51 generate - Cache key generated: /goods/{type}.com.example.demo.controller.GoodsController.getGoodsBuType.DefaultGenericTypeNamingStrategy
[2018-03-05 00:57:32] INFO  springfox.documentation.spring.web.caching.CachingAspect 68 operationsAndProperties - Caching aspect applied for cache operations with key /goods/{type}.com.example.demo.controller.GoodsController.getGoodsBuType.DefaultGenericTypeNamingStrategy
[2018-03-05 00:57:32] INFO  springfox.documentation.swagger.web.ClassOrApiAnnotationResourceGrouping$1 100 apply - Group for method getGoodsBuType was goods-controller
[2018-03-05 00:57:32] INFO  springfox.documentation.swagger.web.ClassOrApiAnnotationResourceGrouping$1 100 apply - Group for method getGoodsBuType was goods-controller
[2018-03-05 00:57:32] INFO  springfox.documentation.schema.ModelContextKeyGenerator 46 generate - Cache Key Generated: java.util.List<com.example.demo.model.Member>(true)
[2018-03-05 00:57:32] INFO  springfox.documentation.spring.web.caching.CachingAspect 79 modelsAndDependencies - Caching aspect applied for cache models with key java.util.List<com.example.demo.model.Member>(true)
[2018-03-05 00:57:32] INFO  springfox.documentation.schema.ModelContextKeyGenerator 46 generate - Cache Key Generated: java.util.List<com.example.demo.model.Member>(true)
[2018-03-05 00:57:32] INFO  springfox.documentation.spring.web.caching.CachingAspect 79 modelsAndDependencies - Caching aspect applied for cache modelDependencies with key java.util.List<com.example.demo.model.Member>(true)
[2018-03-05 00:57:32] INFO  springfox.documentation.schema.property.ModelPropertiesKeyGenerator 48 generate - Cache key generated: com.example.demo.model.Member(true)
[2018-03-05 00:57:32] INFO  springfox.documentation.spring.web.caching.CachingAspect 68 operationsAndProperties - Caching aspect applied for cache modelProperties with key com.example.demo.model.Member(true)
[2018-03-05 00:57:32] INFO  springfox.documentation.schema.property.ModelPropertiesKeyGenerator 48 generate - Cache key generated: java.util.List<com.example.demo.model.Member>(true)
[2018-03-05 00:57:32] INFO  springfox.documentation.spring.web.caching.CachingAspect 68 operationsAndProperties - Caching aspect applied for cache modelProperties with key java.util.List<com.example.demo.model.Member>(true)
[2018-03-05 00:57:32] INFO  springfox.documentation.schema.property.ModelPropertiesKeyGenerator 48 generate - Cache key generated: com.example.demo.model.Member(true)
[2018-03-05 00:57:32] INFO  springfox.documentation.spring.web.caching.CachingAspect 68 operationsAndProperties - Caching aspect applied for cache modelProperties with key com.example.demo.model.Member(true)
[2018-03-05 00:57:32] INFO  springfox.documentation.schema.ModelContextKeyGenerator 46 generate - Cache Key Generated: java.lang.Void(true)
[2018-03-05 00:57:32] INFO  springfox.documentation.spring.web.caching.CachingAspect 79 modelsAndDependencies - Caching aspect applied for cache models with key java.lang.Void(true)
[2018-03-05 00:57:32] INFO  springfox.documentation.schema.ModelContextKeyGenerator 46 generate - Cache Key Generated: java.lang.Void(true)
[2018-03-05 00:57:32] INFO  springfox.documentation.spring.web.caching.CachingAspect 79 modelsAndDependencies - Caching aspect applied for cache modelDependencies with key java.lang.Void(true)
[2018-03-05 00:57:32] INFO  springfox.documentation.spring.web.OperationsKeyGenerator 51 generate - Cache key generated: /user/{userID}.com.example.demo.controller.UserController.getUserInfoByID.DefaultGenericTypeNamingStrategy
[2018-03-05 00:57:32] INFO  springfox.documentation.spring.web.caching.CachingAspect 68 operationsAndProperties - Caching aspect applied for cache operations with key /user/{userID}.com.example.demo.controller.UserController.getUserInfoByID.DefaultGenericTypeNamingStrategy
[2018-03-05 00:57:32] INFO  springfox.documentation.swagger.web.ClassOrApiAnnotationResourceGrouping$1 100 apply - Group for method getUserInfoByID was user-controller
[2018-03-05 00:57:32] INFO  springfox.documentation.swagger.web.ClassOrApiAnnotationResourceGrouping$1 100 apply - Group for method getUserInfoByID was user-controller
[2018-03-05 00:57:32] INFO  org.springframework.boot.StartupInfoLogger 57 logStarted - Started DemoApplicationTests in 6.373 seconds (JVM running for 7.471)
[2018-03-05 00:57:32] INFO  org.springframework.context.support.AbstractApplicationContext 984 doClose - Closing org.springframework.web.context.support.GenericWebApplicationContext@42a15bdc: startup date [Mon Mar 05 00:57:26 CST 2018]; root of context hierarchy
[2018-03-05 00:57:50] INFO  org.springframework.context.support.AbstractApplicationContext 583 prepareRefresh - Refreshing org.springframework.boot.context.embedded.AnnotationConfigEmbeddedWebApplicationContext@6d86b085: startup date [Mon Mar 05 00:57:50 CST 2018]; root of context hierarchy
[2018-03-05 00:57:52] INFO  org.springframework.context.support.PostProcessorRegistrationDelegate$BeanPostProcessorChecker 327 postProcessAfterInitialization - Bean 'org.springframework.transaction.annotation.ProxyTransactionManagementConfiguration' of type [org.springframework.transaction.annotation.ProxyTransactionManagementConfiguration$$EnhancerBySpringCGLIB$$e987768a] is not eligible for getting processed by all BeanPostProcessors (for example: not eligible for auto-proxying)
[2018-03-05 00:57:53] INFO  org.springframework.boot.context.embedded.tomcat.TomcatEmbeddedServletContainer 89 initialize - Tomcat initialized with port(s): 8080 (http)
[2018-03-05 00:57:53] INFO  org.apache.juli.logging.DirectJDKLog 180 log - Starting service [Tomcat]
[2018-03-05 00:57:53] INFO  org.apache.juli.logging.DirectJDKLog 180 log - Starting Servlet Engine: Apache Tomcat/8.5.27
[2018-03-05 00:57:53] INFO  org.apache.juli.logging.DirectJDKLog 180 log - Initializing Spring embedded WebApplicationContext
[2018-03-05 00:57:53] INFO  org.springframework.boot.context.embedded.EmbeddedWebApplicationContext 276 prepareEmbeddedWebApplicationContext - Root WebApplicationContext: initialization completed in 2352 ms
[2018-03-05 00:57:53] INFO  org.springframework.boot.web.servlet.ServletRegistrationBean 190 onStartup - Mapping servlet: 'dispatcherServlet' to [/]
[2018-03-05 00:57:53] INFO  org.springframework.boot.web.servlet.ServletRegistrationBean 190 onStartup - Mapping servlet: 'statViewServlet' to [/druid/*]
[2018-03-05 00:57:53] INFO  org.springframework.boot.web.servlet.AbstractFilterRegistrationBean 258 configure - Mapping filter: 'characterEncodingFilter' to: [/*]
[2018-03-05 00:57:53] INFO  org.springframework.boot.web.servlet.AbstractFilterRegistrationBean 258 configure - Mapping filter: 'hiddenHttpMethodFilter' to: [/*]
[2018-03-05 00:57:53] INFO  org.springframework.boot.web.servlet.AbstractFilterRegistrationBean 258 configure - Mapping filter: 'httpPutFormContentFilter' to: [/*]
[2018-03-05 00:57:53] INFO  org.springframework.boot.web.servlet.AbstractFilterRegistrationBean 258 configure - Mapping filter: 'requestContextFilter' to: [/*]
[2018-03-05 00:57:53] INFO  org.springframework.boot.web.servlet.AbstractFilterRegistrationBean 271 configure - Mapping filter: 'webStatFilter' to urls: [/*]
[2018-03-05 00:57:55] INFO  org.springframework.web.servlet.handler.AbstractHandlerMethodMapping$MappingRegistry 543 register - Mapped "{[/user/{userID}],methods=[GET]}" onto public java.util.List<com.example.demo.model.Member> com.example.demo.controller.UserController.getUserInfoByID(java.lang.Long)
[2018-03-05 00:57:55] INFO  org.springframework.web.servlet.handler.AbstractHandlerMethodMapping$MappingRegistry 543 register - Mapped "{[/goods/{type}],methods=[GET]}" onto public java.util.List<com.example.demo.model.Goods> com.example.demo.controller.GoodsController.getGoodsBuType(java.lang.String)
[2018-03-05 00:57:55] INFO  org.springframework.web.servlet.handler.AbstractHandlerMethodMapping$MappingRegistry 543 register - Mapped "{[/v2/api-docs],methods=[GET]}" onto public org.springframework.http.ResponseEntity<springfox.documentation.spring.web.json.Json> springfox.documentation.swagger2.web.Swagger2Controller.getDocumentation(java.lang.String)
[2018-03-05 00:57:55] INFO  org.springframework.web.servlet.handler.AbstractHandlerMethodMapping$MappingRegistry 543 register - Mapped "{[/configuration/security]}" onto org.springframework.http.ResponseEntity<springfox.documentation.swagger.web.SecurityConfiguration> springfox.documentation.swagger.web.ApiResourceController.securityConfiguration()
[2018-03-05 00:57:55] INFO  org.springframework.web.servlet.handler.AbstractHandlerMethodMapping$MappingRegistry 543 register - Mapped "{[/configuration/ui]}" onto org.springframework.http.ResponseEntity<springfox.documentation.swagger.web.UiConfiguration> springfox.documentation.swagger.web.ApiResourceController.uiConfiguration()
[2018-03-05 00:57:55] INFO  org.springframework.web.servlet.handler.AbstractHandlerMethodMapping$MappingRegistry 543 register - Mapped "{[/swagger-resources]}" onto org.springframework.http.ResponseEntity<java.util.List<springfox.documentation.swagger.web.SwaggerResource>> springfox.documentation.swagger.web.ApiResourceController.swaggerResources()
[2018-03-05 00:57:55] INFO  org.springframework.web.servlet.handler.AbstractHandlerMethodMapping$MappingRegistry 543 register - Mapped "{[/error],produces=[text/html]}" onto public org.springframework.web.servlet.ModelAndView org.springframework.boot.autoconfigure.web.BasicErrorController.errorHtml(javax.servlet.http.HttpServletRequest,javax.servlet.http.HttpServletResponse)
[2018-03-05 00:57:55] INFO  org.springframework.web.servlet.handler.AbstractHandlerMethodMapping$MappingRegistry 543 register - Mapped "{[/error]}" onto public org.springframework.http.ResponseEntity<java.util.Map<java.lang.String, java.lang.Object>> org.springframework.boot.autoconfigure.web.BasicErrorController.error(javax.servlet.http.HttpServletRequest)
[2018-03-05 00:57:56] INFO  org.springframework.web.servlet.mvc.method.annotation.RequestMappingHandlerAdapter 534 initControllerAdviceCache - Looking for @ControllerAdvice: org.springframework.boot.context.embedded.AnnotationConfigEmbeddedWebApplicationContext@6d86b085: startup date [Mon Mar 05 00:57:50 CST 2018]; root of context hierarchy
[2018-03-05 00:57:56] INFO  org.springframework.web.servlet.handler.AbstractUrlHandlerMapping 362 registerHandler - Mapped URL path [/webjars/**] onto handler of type [class org.springframework.web.servlet.resource.ResourceHttpRequestHandler]
[2018-03-05 00:57:56] INFO  org.springframework.web.servlet.handler.AbstractUrlHandlerMapping 362 registerHandler - Mapped URL path [/**] onto handler of type [class org.springframework.web.servlet.resource.ResourceHttpRequestHandler]
[2018-03-05 00:57:56] INFO  org.springframework.web.servlet.handler.AbstractUrlHandlerMapping 362 registerHandler - Mapped URL path [/**/favicon.ico] onto handler of type [class org.springframework.web.servlet.resource.ResourceHttpRequestHandler]
[2018-03-05 00:57:56] INFO  org.springframework.jmx.export.MBeanExporter 431 afterSingletonsInstantiated - Registering beans for JMX exposure on startup
[2018-03-05 00:57:56] INFO  org.springframework.jmx.export.MBeanExporter 916 autodetect - Bean with name 'statFilter' has been autodetected for JMX exposure
[2018-03-05 00:57:56] INFO  org.springframework.jmx.export.MBeanExporter 916 autodetect - Bean with name 'slf4jLogFilter' has been autodetected for JMX exposure
[2018-03-05 00:57:56] INFO  org.springframework.jmx.export.MBeanExporter 916 autodetect - Bean with name 'dataSource' has been autodetected for JMX exposure
[2018-03-05 00:57:56] INFO  org.springframework.jmx.export.MBeanExporter 671 registerBeanInstance - Located MBean 'slf4jLogFilter': registering with JMX server as MBean [com.alibaba.druid.filter.logging:name=slf4jLogFilter,type=Slf4jLogFilter]
[2018-03-05 00:57:56] INFO  org.springframework.jmx.export.MBeanExporter 671 registerBeanInstance - Located MBean 'dataSource': registering with JMX server as MBean [com.alibaba.druid.spring.boot.autoconfigure:name=dataSource,type=DruidDataSourceWrapper]
[2018-03-05 00:57:56] INFO  org.springframework.jmx.export.MBeanExporter 671 registerBeanInstance - Located MBean 'statFilter': registering with JMX server as MBean [com.alibaba.druid.filter.stat:name=statFilter,type=StatFilter]
[2018-03-05 00:57:56] INFO  springfox.documentation.spring.web.plugins.DocumentationPluginsBootstrapper 80 onApplicationEvent - Context refreshed
[2018-03-05 00:57:56] INFO  springfox.documentation.spring.web.plugins.DocumentationPluginsBootstrapper 83 onApplicationEvent - Found {0} custom documentation plugin(s)
[2018-03-05 00:57:56] INFO  springfox.documentation.spring.web.scanners.ApiListingReferenceScanner 53 scan - Scanning for api listing references
[2018-03-05 00:57:56] INFO  springfox.documentation.swagger.web.ClassOrApiAnnotationResourceGrouping$1 100 apply - Group for method getGoodsBuType was goods-controller
[2018-03-05 00:57:56] INFO  springfox.documentation.spring.web.scanners.ApiListingReferenceScanner 72 scan - Request mapping: getGoodsBuType belongs to groups: [[ResourceGroup{groupName='goods-controller', position=0, controller=com.example.demo.controller.GoodsController}]] 
[2018-03-05 00:57:56] INFO  springfox.documentation.swagger.web.ClassOrApiAnnotationResourceGrouping$1 100 apply - Group for method getUserInfoByID was user-controller
[2018-03-05 00:57:56] INFO  springfox.documentation.spring.web.scanners.ApiListingReferenceScanner 72 scan - Request mapping: getUserInfoByID belongs to groups: [[ResourceGroup{groupName='user-controller', position=0, controller=com.example.demo.controller.UserController}]] 
[2018-03-05 00:57:56] INFO  springfox.documentation.spring.web.scanners.ApiListingReferenceScanner 84 scan - Created resource listing Path: /default/user-controller Description: user-controller Position: 0
[2018-03-05 00:57:56] INFO  springfox.documentation.spring.web.scanners.ApiListingReferenceScanner 84 scan - Created resource listing Path: /default/goods-controller Description: goods-controller Position: 0
[2018-03-05 00:57:57] INFO  springfox.documentation.schema.ModelContextKeyGenerator 46 generate - Cache Key Generated: java.lang.Void(true)
[2018-03-05 00:57:57] INFO  springfox.documentation.spring.web.caching.CachingAspect 79 modelsAndDependencies - Caching aspect applied for cache models with key java.lang.Void(true)
[2018-03-05 00:57:57] INFO  springfox.documentation.schema.ModelContextKeyGenerator 46 generate - Cache Key Generated: java.lang.Void(true)
[2018-03-05 00:57:57] INFO  springfox.documentation.spring.web.caching.CachingAspect 79 modelsAndDependencies - Caching aspect applied for cache modelDependencies with key java.lang.Void(true)
[2018-03-05 00:57:57] INFO  springfox.documentation.schema.ModelContextKeyGenerator 46 generate - Cache Key Generated: java.util.List<com.example.demo.model.Goods>(true)
[2018-03-05 00:57:57] INFO  springfox.documentation.spring.web.caching.CachingAspect 79 modelsAndDependencies - Caching aspect applied for cache models with key java.util.List<com.example.demo.model.Goods>(true)
[2018-03-05 00:57:57] INFO  springfox.documentation.schema.ModelContextKeyGenerator 46 generate - Cache Key Generated: java.util.List<com.example.demo.model.Goods>(true)
[2018-03-05 00:57:57] INFO  springfox.documentation.spring.web.caching.CachingAspect 79 modelsAndDependencies - Caching aspect applied for cache modelDependencies with key java.util.List<com.example.demo.model.Goods>(true)
[2018-03-05 00:57:57] INFO  springfox.documentation.schema.property.ModelPropertiesKeyGenerator 48 generate - Cache key generated: com.example.demo.model.Goods(true)
[2018-03-05 00:57:57] INFO  springfox.documentation.spring.web.caching.CachingAspect 68 operationsAndProperties - Caching aspect applied for cache modelProperties with key com.example.demo.model.Goods(true)
[2018-03-05 00:57:57] INFO  springfox.documentation.schema.property.ModelPropertiesKeyGenerator 48 generate - Cache key generated: java.util.List<com.example.demo.model.Goods>(true)
[2018-03-05 00:57:57] INFO  springfox.documentation.spring.web.caching.CachingAspect 68 operationsAndProperties - Caching aspect applied for cache modelProperties with key java.util.List<com.example.demo.model.Goods>(true)
[2018-03-05 00:57:57] INFO  springfox.documentation.schema.property.ModelPropertiesKeyGenerator 48 generate - Cache key generated: com.example.demo.model.Goods(true)
[2018-03-05 00:57:57] INFO  springfox.documentation.spring.web.caching.CachingAspect 68 operationsAndProperties - Caching aspect applied for cache modelProperties with key com.example.demo.model.Goods(true)
[2018-03-05 00:57:57] INFO  springfox.documentation.spring.web.OperationsKeyGenerator 51 generate - Cache key generated: /goods/{type}.com.example.demo.controller.GoodsController.getGoodsBuType.DefaultGenericTypeNamingStrategy
[2018-03-05 00:57:57] INFO  springfox.documentation.spring.web.caching.CachingAspect 68 operationsAndProperties - Caching aspect applied for cache operations with key /goods/{type}.com.example.demo.controller.GoodsController.getGoodsBuType.DefaultGenericTypeNamingStrategy
[2018-03-05 00:57:57] INFO  springfox.documentation.swagger.web.ClassOrApiAnnotationResourceGrouping$1 100 apply - Group for method getGoodsBuType was goods-controller
[2018-03-05 00:57:57] INFO  springfox.documentation.swagger.web.ClassOrApiAnnotationResourceGrouping$1 100 apply - Group for method getGoodsBuType was goods-controller
[2018-03-05 00:57:57] INFO  springfox.documentation.schema.ModelContextKeyGenerator 46 generate - Cache Key Generated: java.util.List<com.example.demo.model.Member>(true)
[2018-03-05 00:57:57] INFO  springfox.documentation.spring.web.caching.CachingAspect 79 modelsAndDependencies - Caching aspect applied for cache models with key java.util.List<com.example.demo.model.Member>(true)
[2018-03-05 00:57:57] INFO  springfox.documentation.schema.ModelContextKeyGenerator 46 generate - Cache Key Generated: java.util.List<com.example.demo.model.Member>(true)
[2018-03-05 00:57:57] INFO  springfox.documentation.spring.web.caching.CachingAspect 79 modelsAndDependencies - Caching aspect applied for cache modelDependencies with key java.util.List<com.example.demo.model.Member>(true)
[2018-03-05 00:57:57] INFO  springfox.documentation.schema.property.ModelPropertiesKeyGenerator 48 generate - Cache key generated: com.example.demo.model.Member(true)
[2018-03-05 00:57:57] INFO  springfox.documentation.spring.web.caching.CachingAspect 68 operationsAndProperties - Caching aspect applied for cache modelProperties with key com.example.demo.model.Member(true)
[2018-03-05 00:57:57] INFO  springfox.documentation.schema.property.ModelPropertiesKeyGenerator 48 generate - Cache key generated: java.util.List<com.example.demo.model.Member>(true)
[2018-03-05 00:57:57] INFO  springfox.documentation.spring.web.caching.CachingAspect 68 operationsAndProperties - Caching aspect applied for cache modelProperties with key java.util.List<com.example.demo.model.Member>(true)
[2018-03-05 00:57:57] INFO  springfox.documentation.schema.property.ModelPropertiesKeyGenerator 48 generate - Cache key generated: com.example.demo.model.Member(true)
[2018-03-05 00:57:57] INFO  springfox.documentation.spring.web.caching.CachingAspect 68 operationsAndProperties - Caching aspect applied for cache modelProperties with key com.example.demo.model.Member(true)
[2018-03-05 00:57:57] INFO  springfox.documentation.schema.ModelContextKeyGenerator 46 generate - Cache Key Generated: java.lang.Void(true)
[2018-03-05 00:57:57] INFO  springfox.documentation.spring.web.caching.CachingAspect 79 modelsAndDependencies - Caching aspect applied for cache models with key java.lang.Void(true)
[2018-03-05 00:57:57] INFO  springfox.documentation.schema.ModelContextKeyGenerator 46 generate - Cache Key Generated: java.lang.Void(true)
[2018-03-05 00:57:57] INFO  springfox.documentation.spring.web.caching.CachingAspect 79 modelsAndDependencies - Caching aspect applied for cache modelDependencies with key java.lang.Void(true)
[2018-03-05 00:57:57] INFO  springfox.documentation.spring.web.OperationsKeyGenerator 51 generate - Cache key generated: /user/{userID}.com.example.demo.controller.UserController.getUserInfoByID.DefaultGenericTypeNamingStrategy
[2018-03-05 00:57:57] INFO  springfox.documentation.spring.web.caching.CachingAspect 68 operationsAndProperties - Caching aspect applied for cache operations with key /user/{userID}.com.example.demo.controller.UserController.getUserInfoByID.DefaultGenericTypeNamingStrategy
[2018-03-05 00:57:57] INFO  springfox.documentation.swagger.web.ClassOrApiAnnotationResourceGrouping$1 100 apply - Group for method getUserInfoByID was user-controller
[2018-03-05 00:57:57] INFO  springfox.documentation.swagger.web.ClassOrApiAnnotationResourceGrouping$1 100 apply - Group for method getUserInfoByID was user-controller
[2018-03-05 00:57:57] INFO  org.springframework.boot.context.embedded.tomcat.TomcatEmbeddedServletContainer 201 start - Tomcat started on port(s): 8080 (http)
[2018-03-05 00:58:02] INFO  org.apache.juli.logging.DirectJDKLog 180 log - Initializing Spring FrameworkServlet 'dispatcherServlet'
[2018-03-05 00:58:02] INFO  org.springframework.web.servlet.FrameworkServlet 489 initServletBean - FrameworkServlet 'dispatcherServlet': initialization started
[2018-03-05 00:58:02] INFO  org.springframework.web.servlet.FrameworkServlet 508 initServletBean - FrameworkServlet 'dispatcherServlet': initialization completed in 37 ms
[2018-03-05 00:58:20] INFO  com.alibaba.druid.pool.DruidDataSource 922 init - {dataSource-1} inited
